# JRE version: OpenJDK Runtime Environment Temurin-21.0.12.1+1 (21.0.12.1+1) (build 21.0.12.1+1-LTS)
# Java VM: OpenJDK 64-Bit Server VM Temurin-21.0.12.1+1 (21.0.12.1+1-LTS, mixed mode, sharing, tiered, compressed oops, compressed class ptrs, g1 gc, windows-amd64)
GC Precious Log:
 CardTable entry size: 512
 Card Set container configuration: InlinePtr #cards 5 size 8 Array Of Cards #cards 12 size 40 Howl #buckets 4 coarsen threshold 1843 Howl Bitmap #cards 512 size 80 coarsen threshold 460 Card regions per heap region 1 cards per card region 2048
 CPUs: 4 total, 4 available
 Memory: 8123M
 Large Page Support: Disabled
 NUMA Support: Disabled
 Compressed Oops: Enabled (32-bit)
 Heap Region Size: 1M
 Heap Min Capacity: 8M
 Heap Initial Capacity: 128M
 Heap Max Capacity: 1G
 Pre-touch: Disabled
 Parallel Workers: 4
 Concurrent Workers: 1
 Concurrent Refinement Workers: 4
 Periodic GC: Disabled
Heap:
 garbage-first heap   total 245760K, used 201374K [0x00000000c0000000, 0x0000000100000000)
  region size 1024K, 56 young (57344K), 8 survivors (8192K)
 Metaspace       used 129460K, committed 131840K, reserved 557056K
  class space    used 17775K, committed 18944K, reserved 425984K
GC Heap History (20 events):
Event: 108.873 GC heap before
{Heap before GC invocations=46 (full 0):
 garbage-first heap   total 160768K, used 138848K [0x00000000c0000000, 0x0000000100000000)
  region size 1024K, 44 young (45056K), 4 survivors (4096K)
 Metaspace       used 93495K, committed 95680K, reserved 557056K
  class space    used 13802K, committed 14912K, reserved 425984K
}
Event: 108.898 GC heap after
{Heap after GC invocations=47 (full 0):
 garbage-first heap   total 160768K, used 98359K [0x00000000c0000000, 0x0000000100000000)
  region size 1024K, 5 young (5120K), 5 survivors (5120K)
 Metaspace       used 93495K, committed 95680K, reserved 557056K
  class space    used 13802K, committed 14912K, reserved 425984K
}
Event: 112.068 GC heap before
{Heap before GC invocations=47 (full 0):
 garbage-first heap   total 160768K, used 140343K [0x00000000c0000000, 0x0000000100000000)
  region size 1024K, 46 young (47104K), 5 survivors (5120K)
 Metaspace       used 97431K, committed 99648K, reserved 557056K
  class space    used 14290K, committed 15360K, reserved 425984K
}
Event: 112.095 GC heap after
{Heap after GC invocations=48 (full 0):
 garbage-first heap   total 160768K, used 100949K [0x00000000c0000000, 0x0000000100000000)
  region size 1024K, 4 young (4096K), 4 survivors (4096K)
 Metaspace       used 97431K, committed 99648K, reserved 557056K
  class space    used 14290K, committed 15360K, reserved 425984K
}
Event: 114.828 GC heap before
{Heap before GC invocations=49 (full 0):
 garbage-first heap   total 168960K, used 143957K [0x00000000c0000000, 0x0000000100000000)
  region size 1024K, 46 young (47104K), 4 survivors (4096K)
 Metaspace       used 102674K, committed 104896K, reserved 557056K
  class space    used 14941K, committed 16000K, reserved 425984K
}
Event: 114.847 GC heap after
{Heap after GC invocations=50 (full 0):
 garbage-first heap   total 168960K, used 102808K [0x00000000c0000000, 0x0000000100000000)
  region size 1024K, 5 young (5120K), 5 survivors (5120K)
 Metaspace       used 102674K, committed 104896K, reserved 557056K
  class space    used 14941K, committed 16000K, reserved 425984K
}
Event: 117.272 GC heap before
{Heap before GC invocations=50 (full 0):
 garbage-first heap   total 168960K, used 150936K [0x00000000c0000000, 0x0000000100000000)
  region size 1024K, 52 young (53248K), 5 survivors (5120K)
 Metaspace       used 105035K, committed 107392K, reserved 557056K
  class space    used 15215K, committed 16384K, reserved 425984K
}
Event: 117.333 GC heap after
{Heap after GC invocations=51 (full 0):
 garbage-first heap   total 173056K, used 116018K [0x00000000c0000000, 0x0000000100000000)
  region size 1024K, 7 young (7168K), 7 survivors (7168K)
 Metaspace       used 105035K, committed 107392K, reserved 557056K
  class space    used 15215K, committed 16384K, reserved 425984K
}
Event: 117.932 GC heap before
{Heap before GC invocations=51 (full 0):
 garbage-first heap   total 173056K, used 150834K [0x00000000c0000000, 0x0000000100000000)
  region size 1024K, 41 young (41984K), 7 survivors (7168K)
 Metaspace       used 105048K, committed 107392K, reserved 557056K
  class space    used 15217K, committed 16384K, reserved 425984K
}
Event: 118.001 GC heap after
{Heap after GC invocations=52 (full 0):
 garbage-first heap   total 174080K, used 131579K [0x00000000c0000000, 0x0000000100000000)
  region size 1024K, 6 young (6144K), 6 survivors (6144K)
 Metaspace       used 105048K, committed 107392K, reserved 557056K
  class space    used 15217K, committed 16384K, reserved 425984K
}
Event: 119.319 GC heap before
{Heap before GC invocations=53 (full 0):
 garbage-first heap   total 220160K, used 155131K [0x00000000c0000000, 0x0000000100000000)
  region size 1024K, 28 young (28672K), 6 survivors (6144K)
 Metaspace       used 105160K, committed 107456K, reserved 557056K
  class space    used 15225K, committed 16384K, reserved 425984K
}
Event: 119.375 GC heap after
{Heap after GC invocations=54 (full 0):
 garbage-first heap   total 220160K, used 141824K [0x00000000c0000000, 0x0000000100000000)
  region size 1024K, 4 young (4096K), 4 survivors (4096K)
 Metaspace       used 105160K, committed 107456K, reserved 557056K
  class space    used 15225K, committed 16384K, reserved 425984K
}
Event: 122.559 GC heap before
{Heap before GC invocations=54 (full 0):
 garbage-first heap   total 220160K, used 181760K [0x00000000c0000000, 0x0000000100000000)
  region size 1024K, 44 young (45056K), 4 survivors (4096K)
 Metaspace       used 109907K, committed 112192K, reserved 557056K
  class space    used 15718K, committed 16832K, reserved 425984K
}
Event: 122.586 GC heap after
{Heap after GC invocations=55 (full 0):
 garbage-first heap   total 220160K, used 143251K [0x00000000c0000000, 0x0000000100000000)
  region size 1024K, 2 young (2048K), 2 survivors (2048K)
 Metaspace       used 109907K, committed 112192K, reserved 557056K
  class space    used 15718K, committed 16832K, reserved 425984K
}
Event: 124.788 GC heap before
{Heap before GC invocations=55 (full 0):
 garbage-first heap   total 220160K, used 187283K [0x00000000c0000000, 0x0000000100000000)
  region size 1024K, 45 young (46080K), 2 survivors (2048K)
 Metaspace       used 114060K, committed 116352K, reserved 557056K
  class space    used 16167K, committed 17280K, reserved 425984K
}
Event: 124.805 GC heap after
{Heap after GC invocations=56 (full 0):
 garbage-first heap   total 220160K, used 147129K [0x00000000c0000000, 0x0000000100000000)
  region size 1024K, 6 young (6144K), 6 survivors (6144K)
 Metaspace       used 114060K, committed 116352K, reserved 557056K
  class space    used 16167K, committed 17280K, reserved 425984K
}
Event: 127.237 GC heap before
{Heap before GC invocations=57 (full 0):
 garbage-first heap   total 245760K, used 190137K [0x00000000c0000000, 0x0000000100000000)
  region size 1024K, 49 young (50176K), 6 survivors (6144K)
 Metaspace       used 119284K, committed 121600K, reserved 557056K
  class space    used 16652K, committed 17792K, reserved 425984K
}
Event: 127.260 GC heap after
{Heap after GC invocations=58 (full 0):
 garbage-first heap   total 245760K, used 148690K [0x00000000c0000000, 0x0000000100000000)
  region size 1024K, 2 young (2048K), 2 survivors (2048K)
 Metaspace       used 119284K, committed 121600K, reserved 557056K
  class space    used 16652K, committed 17792K, reserved 425984K
}
Event: 132.547 GC heap before
{Heap before GC invocations=58 (full 0):
 garbage-first heap   total 245760K, used 211154K [0x00000000c0000000, 0x0000000100000000)
  region size 1024K, 64 young (65536K), 2 survivors (2048K)
 Metaspace       used 125335K, committed 127616K, reserved 557056K
  class space    used 17270K, committed 18432K, reserved 425984K
}
Event: 132.569 GC heap after
{Heap after GC invocations=59 (full 0):
 garbage-first heap   total 245760K, used 153246K [0x00000000c0000000, 0x0000000100000000)
  region size 1024K, 8 young (8192K), 8 survivors (8192K)
 Metaspace       used 125335K, committed 127616K, reserved 557056K
  class space    used 17270K, committed 18432K, reserved 425984K
}

