# JRE version: OpenJDK Runtime Environment Temurin-21.0.9+10 (21.0.9+10) (build 21.0.9+10-LTS)
# Java VM: OpenJDK 64-Bit Server VM Temurin-21.0.9+10 (21.0.9+10-LTS, mixed mode, sharing, tiered, compressed oops, compressed class ptrs, g1 gc, windows-amd64)
GC Precious Log:
 CardTable entry size: 512
 Card Set container configuration: InlinePtr #cards 5 size 8 Array Of Cards #cards 12 size 40 Howl #buckets 4 coarsen threshold 1843 Howl Bitmap #cards 512 size 80 coarsen threshold 460 Card regions per heap region 1 cards per card region 2048
 CPUs: 4 total, 4 available
 Memory: 8123M
 Large Page Support: Disabled
 NUMA Support: Disabled
 Compressed Oops: Enabled (32-bit)
 Heap Region Size: 1M
 Heap Min Capacity: 8M
 Heap Initial Capacity: 128M
 Heap Max Capacity: 1G
 Pre-touch: Disabled
 Parallel Workers: 4
 Concurrent Workers: 1
 Concurrent Refinement Workers: 4
 Periodic GC: Disabled
Heap:
 garbage-first heap   total 87040K, used 42505K [0x00000000c0000000, 0x0000000100000000)
  region size 1024K, 13 young (13312K), 6 survivors (6144K)
 Metaspace       used 41557K, committed 43136K, reserved 491520K
  class space    used 5942K, committed 6720K, reserved 425984K
GC Heap History (18 events):
Event: 4.561 GC heap before
{Heap before GC invocations=0 (full 0):
 garbage-first heap   total 131072K, used 13312K [0x00000000c0000000, 0x0000000100000000)
  region size 1024K, 13 young (13312K), 0 survivors (0K)
 Metaspace       used 825K, committed 960K, reserved 491520K
  class space    used 70K, committed 128K, reserved 425984K
}
Event: 4.719 GC heap after
{Heap after GC invocations=1 (full 0):
 garbage-first heap   total 131072K, used 1194K [0x00000000c0000000, 0x0000000100000000)
  region size 1024K, 2 young (2048K), 2 survivors (2048K)
 Metaspace       used 825K, committed 960K, reserved 491520K
  class space    used 70K, committed 128K, reserved 425984K
}
Event: 8.784 GC heap before
{Heap before GC invocations=1 (full 0):
 garbage-first heap   total 131072K, used 23722K [0x00000000c0000000, 0x0000000100000000)
  region size 1024K, 21 young (21504K), 2 survivors (2048K)
 Metaspace       used 1649K, committed 1792K, reserved 491520K
  class space    used 148K, committed 192K, reserved 425984K
}
Event: 8.801 GC heap after
{Heap after GC invocations=2 (full 0):
 garbage-first heap   total 131072K, used 10336K [0x00000000c0000000, 0x0000000100000000)
  region size 1024K, 3 young (3072K), 3 survivors (3072K)
 Metaspace       used 1649K, committed 1792K, reserved 491520K
  class space    used 148K, committed 192K, reserved 425984K
}
Event: 26.772 GC heap before
{Heap before GC invocations=2 (full 0):
 garbage-first heap   total 131072K, used 86112K [0x00000000c0000000, 0x0000000100000000)
  region size 1024K, 76 young (77824K), 3 survivors (3072K)
 Metaspace       used 4900K, committed 5120K, reserved 491520K
  class space    used 616K, committed 704K, reserved 425984K
}
Event: 26.802 GC heap after
{Heap after GC invocations=3 (full 0):
 garbage-first heap   total 131072K, used 17222K [0x00000000c0000000, 0x0000000100000000)
  region size 1024K, 9 young (9216K), 9 survivors (9216K)
 Metaspace       used 4900K, committed 5120K, reserved 491520K
  class space    used 616K, committed 704K, reserved 425984K
}
Event: 68.097 GC heap before
{Heap before GC invocations=3 (full 0):
 garbage-first heap   total 131072K, used 84806K [0x00000000c0000000, 0x0000000100000000)
  region size 1024K, 76 young (77824K), 9 survivors (9216K)
 Metaspace       used 18184K, committed 18752K, reserved 491520K
  class space    used 2489K, committed 2752K, reserved 425984K
}
Event: 68.158 GC heap after
{Heap after GC invocations=4 (full 0):
 garbage-first heap   total 131072K, used 23057K [0x00000000c0000000, 0x0000000100000000)
  region size 1024K, 6 young (6144K), 6 survivors (6144K)
 Metaspace       used 18184K, committed 18752K, reserved 491520K
  class space    used 2489K, committed 2752K, reserved 425984K
}
Event: 71.680 GC heap before
{Heap before GC invocations=4 (full 0):
 garbage-first heap   total 131072K, used 42513K [0x00000000c0000000, 0x0000000100000000)
  region size 1024K, 24 young (24576K), 6 survivors (6144K)
 Metaspace       used 20938K, committed 21504K, reserved 491520K
  class space    used 2820K, committed 3072K, reserved 425984K
}
Event: 71.708 GC heap after
{Heap after GC invocations=5 (full 0):
 garbage-first heap   total 131072K, used 24501K [0x00000000c0000000, 0x0000000100000000)
  region size 1024K, 2 young (2048K), 2 survivors (2048K)
 Metaspace       used 20938K, committed 21504K, reserved 491520K
  class space    used 2820K, committed 3072K, reserved 425984K
}
Event: 81.266 GC heap before
{Heap before GC invocations=6 (full 0):
 garbage-first heap   total 86016K, used 73653K [0x00000000c0000000, 0x0000000100000000)
  region size 1024K, 50 young (51200K), 2 survivors (2048K)
 Metaspace       used 27243K, committed 28160K, reserved 491520K
  class space    used 3878K, committed 4288K, reserved 425984K
}
Event: 81.285 GC heap after
{Heap after GC invocations=7 (full 0):
 garbage-first heap   total 86016K, used 27129K [0x00000000c0000000, 0x0000000100000000)
  region size 1024K, 5 young (5120K), 5 survivors (5120K)
 Metaspace       used 27243K, committed 28160K, reserved 491520K
  class space    used 3878K, committed 4288K, reserved 425984K
}
Event: 91.936 GC heap before
{Heap before GC invocations=7 (full 0):
 garbage-first heap   total 86016K, used 72185K [0x00000000c0000000, 0x0000000100000000)
  region size 1024K, 50 young (51200K), 5 survivors (5120K)
 Metaspace       used 33060K, committed 34240K, reserved 491520K
  class space    used 4737K, committed 5312K, reserved 425984K
}
Event: 91.964 GC heap after
{Heap after GC invocations=8 (full 0):
 garbage-first heap   total 86016K, used 30397K [0x00000000c0000000, 0x0000000100000000)
  region size 1024K, 7 young (7168K), 7 survivors (7168K)
 Metaspace       used 33060K, committed 34240K, reserved 491520K
  class space    used 4737K, committed 5312K, reserved 425984K
}
Event: 96.005 GC heap before
{Heap before GC invocations=8 (full 0):
 garbage-first heap   total 86016K, used 47805K [0x00000000c0000000, 0x0000000100000000)
  region size 1024K, 25 young (25600K), 7 survivors (7168K)
 Metaspace       used 34789K, committed 36160K, reserved 491520K
  class space    used 5051K, committed 5760K, reserved 425984K
}
Event: 96.036 GC heap after
{Heap after GC invocations=9 (full 0):
 garbage-first heap   total 86016K, used 32012K [0x00000000c0000000, 0x0000000100000000)
  region size 1024K, 6 young (6144K), 6 survivors (6144K)
 Metaspace       used 34789K, committed 36160K, reserved 491520K
  class space    used 5051K, committed 5760K, reserved 425984K
}
Event: 108.686 GC heap before
{Heap before GC invocations=10 (full 0):
 garbage-first heap   total 86016K, used 75020K [0x00000000c0000000, 0x0000000100000000)
  region size 1024K, 49 young (50176K), 6 survivors (6144K)
 Metaspace       used 40821K, committed 42432K, reserved 491520K
  class space    used 5848K, committed 6592K, reserved 425984K
}
Event: 108.719 GC heap after
{Heap after GC invocations=11 (full 0):
 garbage-first heap   total 87040K, used 36361K [0x00000000c0000000, 0x0000000100000000)
  region size 1024K, 6 young (6144K), 6 survivors (6144K)
 Metaspace       used 40821K, committed 42432K, reserved 491520K
  class space    used 5848K, committed 6592K, reserved 425984K
}

